<?xml version="1.0" encoding="UTF-8"?>
<testng-results skipped="0" failed="0" ignored="0" total="2" passed="2">
  <reporter-output>
  </reporter-output>
  <suite name="Default suite" duration-ms="6642" started-at="2018-10-08T04:57:04Z" finished-at="2018-10-08T04:57:11Z">
    <groups>
    </groups>
    <test name="Default test" duration-ms="6642" started-at="2018-10-08T04:57:04Z" finished-at="2018-10-08T04:57:11Z">
      <class name="GoogleMap.WeatherApi.FlightSchedule">
        <test-method status="PASS" signature="requestSpec()[pri:0, instance:GoogleMap.WeatherApi.FlightSchedule@38082d64]" name="requestSpec" is-config="true" duration-ms="703" started-at="2018-10-08T04:57:04Z" finished-at="2018-10-08T04:57:05Z">
          <reporter-output>
          </reporter-output>
        </test-method> <!-- requestSpec -->
        <test-method status="PASS" signature="test_04()[pri:1, instance:GoogleMap.WeatherApi.FlightSchedule@38082d64]" name="test_04" duration-ms="2116" started-at="2018-10-08T04:57:05Z" finished-at="2018-10-08T04:57:07Z">
          <reporter-output>
          </reporter-output>
        </test-method> <!-- test_04 -->
        <test-method status="PASS" signature="test_03()[pri:2, instance:GoogleMap.WeatherApi.FlightSchedule@38082d64]" name="test_03" duration-ms="3807" started-at="2018-10-08T04:57:07Z" finished-at="2018-10-08T04:57:11Z">
          <reporter-output>
          </reporter-output>
        </test-method> <!-- test_03 -->
      </class> <!-- GoogleMap.WeatherApi.FlightSchedule -->
    </test> <!-- Default test -->
  </suite> <!-- Default suite -->
</testng-results>
